# JRE version: OpenJDK Runtime Environment Microsoft-8035246 (17.0.8+7) (build 17.0.8+7-LTS)
# Java VM: OpenJDK 64-Bit Server VM Microsoft-8035246 (17.0.8+7-LTS, mixed mode, sharing, tiered, compressed oops, compressed class ptrs, g1 gc, windows-amd64)
GC Precious Log:
 CPUs: 4 total, 4 available
 Memory: 8050M
 Large Page Support: Disabled
 NUMA Support: Disabled
 Compressed Oops: Enabled (32-bit)
 Heap Region Size: 1M
 Heap Min Capacity: 8M
 Heap Initial Capacity: 126M
 Heap Max Capacity: 2G
 Pre-touch: Disabled
 Parallel Workers: 4
 Concurrent Workers: 1
 Concurrent Refinement Workers: 4
 Periodic GC: Disabled
Heap:
 garbage-first heap   total 330752K, used 254969K [0x0000000080000000, 0x0000000100000000)
  region size 1024K, 52 young (53248K), 6 survivors (6144K)
 Metaspace       used 103650K, committed 104896K, reserved 557056K
  class space    used 14457K, committed 15040K, reserved 425984K
GC Heap History (20 events):
Event: 28.920 GC heap before
{Heap before GC invocations=51 (full 0):
 garbage-first heap   total 275456K, used 211812K [0x0000000080000000, 0x0000000100000000)
  region size 1024K, 91 young (93184K), 13 survivors (13312K)
 Metaspace       used 95609K, committed 96640K, reserved 557056K
  class space    used 13464K, committed 13952K, reserved 425984K
}
Event: 28.934 GC heap after
{Heap after GC invocations=52 (full 0):
 garbage-first heap   total 275456K, used 137575K [0x0000000080000000, 0x0000000100000000)
  region size 1024K, 7 young (7168K), 7 survivors (7168K)
 Metaspace       used 95609K, committed 96640K, reserved 557056K
  class space    used 13464K, committed 13952K, reserved 425984K
}
Event: 29.423 GC heap before
{Heap before GC invocations=52 (full 0):
 garbage-first heap   total 275456K, used 217447K [0x0000000080000000, 0x0000000100000000)
  region size 1024K, 85 young (87040K), 7 survivors (7168K)
 Metaspace       used 95900K, committed 96896K, reserved 557056K
  class space    used 13491K, committed 13952K, reserved 425984K
}
Event: 29.445 GC heap after
{Heap after GC invocations=53 (full 0):
 garbage-first heap   total 275456K, used 150901K [0x0000000080000000, 0x0000000100000000)
  region size 1024K, 11 young (11264K), 11 survivors (11264K)
 Metaspace       used 95900K, committed 96896K, reserved 557056K
  class space    used 13491K, committed 13952K, reserved 425984K
}
Event: 30.395 GC heap before
{Heap before GC invocations=53 (full 0):
 garbage-first heap   total 275456K, used 220533K [0x0000000080000000, 0x0000000100000000)
  region size 1024K, 78 young (79872K), 11 survivors (11264K)
 Metaspace       used 96724K, committed 97792K, reserved 557056K
  class space    used 13575K, committed 14080K, reserved 425984K
}
Event: 30.417 GC heap after
{Heap after GC invocations=54 (full 0):
 garbage-first heap   total 275456K, used 164575K [0x0000000080000000, 0x0000000100000000)
  region size 1024K, 10 young (10240K), 10 survivors (10240K)
 Metaspace       used 96724K, committed 97792K, reserved 557056K
  class space    used 13575K, committed 14080K, reserved 425984K
}
Event: 31.222 GC heap before
{Heap before GC invocations=54 (full 0):
 garbage-first heap   total 275456K, used 220895K [0x0000000080000000, 0x0000000100000000)
  region size 1024K, 65 young (66560K), 10 survivors (10240K)
 Metaspace       used 100725K, committed 101824K, reserved 557056K
  class space    used 14160K, committed 14656K, reserved 425984K
}
Event: 31.236 GC heap after
{Heap after GC invocations=55 (full 0):
 garbage-first heap   total 275456K, used 170931K [0x0000000080000000, 0x0000000100000000)
  region size 1024K, 5 young (5120K), 5 survivors (5120K)
 Metaspace       used 100725K, committed 101824K, reserved 557056K
  class space    used 14160K, committed 14656K, reserved 425984K
}
Event: 31.798 GC heap before
{Heap before GC invocations=55 (full 0):
 garbage-first heap   total 275456K, used 225203K [0x0000000080000000, 0x0000000100000000)
  region size 1024K, 58 young (59392K), 5 survivors (5120K)
 Metaspace       used 101596K, committed 102784K, reserved 557056K
  class space    used 14231K, committed 14784K, reserved 425984K
}
Event: 31.817 GC heap after
{Heap after GC invocations=56 (full 0):
 garbage-first heap   total 275456K, used 176995K [0x0000000080000000, 0x0000000100000000)
  region size 1024K, 8 young (8192K), 8 survivors (8192K)
 Metaspace       used 101596K, committed 102784K, reserved 557056K
  class space    used 14231K, committed 14784K, reserved 425984K
}
Event: 32.393 GC heap before
{Heap before GC invocations=56 (full 0):
 garbage-first heap   total 275456K, used 227171K [0x0000000080000000, 0x0000000100000000)
  region size 1024K, 58 young (59392K), 8 survivors (8192K)
 Metaspace       used 102447K, committed 103616K, reserved 557056K
  class space    used 14354K, committed 14912K, reserved 425984K
}
Event: 32.409 GC heap after
{Heap after GC invocations=57 (full 0):
 garbage-first heap   total 275456K, used 182755K [0x0000000080000000, 0x0000000100000000)
  region size 1024K, 6 young (6144K), 6 survivors (6144K)
 Metaspace       used 102447K, committed 103616K, reserved 557056K
  class space    used 14354K, committed 14912K, reserved 425984K
}
Event: 32.981 GC heap before
{Heap before GC invocations=57 (full 0):
 garbage-first heap   total 275456K, used 229859K [0x0000000080000000, 0x0000000100000000)
  region size 1024K, 52 young (53248K), 6 survivors (6144K)
 Metaspace       used 102924K, committed 104128K, reserved 557056K
  class space    used 14403K, committed 14976K, reserved 425984K
}
Event: 32.998 GC heap after
{Heap after GC invocations=58 (full 0):
 garbage-first heap   total 330752K, used 187198K [0x0000000080000000, 0x0000000100000000)
  region size 1024K, 5 young (5120K), 5 survivors (5120K)
 Metaspace       used 102924K, committed 104128K, reserved 557056K
  class space    used 14403K, committed 14976K, reserved 425984K
}
Event: 34.061 GC heap before
{Heap before GC invocations=58 (full 0):
 garbage-first heap   total 330752K, used 272190K [0x0000000080000000, 0x0000000100000000)
  region size 1024K, 85 young (87040K), 5 survivors (5120K)
 Metaspace       used 103043K, committed 104256K, reserved 557056K
  class space    used 14403K, committed 14976K, reserved 425984K
}
Event: 34.073 GC heap after
{Heap after GC invocations=59 (full 0):
 garbage-first heap   total 330752K, used 193018K [0x0000000080000000, 0x0000000100000000)
  region size 1024K, 11 young (11264K), 11 survivors (11264K)
 Metaspace       used 103043K, committed 104256K, reserved 557056K
  class space    used 14403K, committed 14976K, reserved 425984K
}
Event: 34.889 GC heap before
{Heap before GC invocations=59 (full 0):
 garbage-first heap   total 330752K, used 287226K [0x0000000080000000, 0x0000000100000000)
  region size 1024K, 88 young (90112K), 11 survivors (11264K)
 Metaspace       used 103341K, committed 104512K, reserved 557056K
  class space    used 14428K, committed 14976K, reserved 425984K
}
Event: 34.904 GC heap after
{Heap after GC invocations=60 (full 0):
 garbage-first heap   total 330752K, used 200241K [0x0000000080000000, 0x0000000100000000)
  region size 1024K, 8 young (8192K), 8 survivors (8192K)
 Metaspace       used 103341K, committed 104512K, reserved 557056K
  class space    used 14428K, committed 14976K, reserved 425984K
}
Event: 35.704 GC heap before
{Heap before GC invocations=60 (full 0):
 garbage-first heap   total 330752K, used 281137K [0x0000000080000000, 0x0000000100000000)
  region size 1024K, 80 young (81920K), 8 survivors (8192K)
 Metaspace       used 103501K, committed 104704K, reserved 557056K
  class space    used 14441K, committed 14976K, reserved 425984K
}
Event: 35.717 GC heap after
{Heap after GC invocations=61 (full 0):
 garbage-first heap   total 330752K, used 205817K [0x0000000080000000, 0x0000000100000000)
  region size 1024K, 6 young (6144K), 6 survivors (6144K)
 Metaspace       used 103501K, committed 104704K, reserved 557056K
  class space    used 14441K, committed 14976K, reserved 425984K
}

